<?xml version="1.0" encoding="UTF-8"?>
<testsuite xmlns:xsi="http://www.w3.org/2001/XMLSchema-instance" xsi:noNamespaceSchemaLocation="https://maven.apache.org/surefire/maven-surefire-plugin/xsd/surefire-test-report-3.0.xsd" version="3.0" name="com.zetcode.GameEngineTest" time="0.111" tests="14" errors="0" skipped="0" failures="0">
  <properties>
[...]
</properties>
  <testcase name="topWallCollision" classname="com.zetcode.GameEngineTest" time="0.053"/>
  <testcase name="moveUp" classname="com.zetcode.GameEngineTest" time="0.004"/>
  <testcase name="testLocateAppleDirectly" classname="com.zetcode.GameEngineTest" time="0.001"/>
  <testcase name="appleEaten" classname="com.zetcode.GameEngineTest" time="0.001"/>
  <testcase name="initialState" classname="com.zetcode.GameEngineTest" time="0.002"/>
  <testcase name="leftWallCollision" classname="com.zetcode.GameEngineTest" time="0.002"/>
  <testcase name="moveDown" classname="com.zetcode.GameEngineTest" time="0.001"/>
  <testcase name="moveLeft" classname="com.zetcode.GameEngineTest" time="0.001"/>
  <testcase name="rightWallCollision" classname="com.zetcode.GameEngineTest" time="0"/>
  <testcase name="validDirectionChanges" classname="com.zetcode.GameEngineTest" time="0.001"/>
  <testcase name="cannotReverse" classname="com.zetcode.GameEngineTest" time="0"/>
  <testcase name="selfCollision" classname="com.zetcode.GameEngineTest" time="0"/>
  <testcase name="moveRight" classname="com.zetcode.GameEngineTest" time="0.001"/>
  <testcase name="noStepAfterGameOver" classname="com.zetcode.GameEngineTest" time="0"/>
</testsuite>